<?xml version="1.0" encoding="UTF-8"?>
<testng-results skipped="0" failed="0" ignored="0" total="1" passed="1">
  <reporter-output>
  </reporter-output>
  <suite name="IntetBankingV3" duration-ms="53313" started-at="2021-10-25T15:18:41Z" finished-at="2021-10-25T15:19:34Z">
    <groups>
    </groups>
    <test name="BankingApp Test" duration-ms="53313" started-at="2021-10-25T15:18:41Z" finished-at="2021-10-25T15:19:34Z">
      <class name="com.inetbanking.testCases.TC_AddCustomerTest_003">
        <test-method status="PASS" signature="setup(java.lang.String)[pri:0, instance:com.inetbanking.testCases.TC_AddCustomerTest_003@2d6e8792]" name="setup" is-config="true" duration-ms="30478" started-at="2021-10-25T15:18:42Z" finished-at="2021-10-25T15:19:13Z">
          <params>
            <param index="0">
              <value>
                <![CDATA[chrome]]>
              </value>
            </param>
          </params>
          <reporter-output>
          </reporter-output>
        </test-method> <!-- setup -->
        <test-method status="PASS" signature="addNewCustomer()[pri:0, instance:com.inetbanking.testCases.TC_AddCustomerTest_003@2d6e8792]" name="addNewCustomer" duration-ms="20728" started-at="2021-10-25T15:19:13Z" finished-at="2021-10-25T15:19:34Z">
          <reporter-output>
          </reporter-output>
        </test-method> <!-- addNewCustomer -->
        <test-method status="PASS" signature="teardown()[pri:0, instance:com.inetbanking.testCases.TC_AddCustomerTest_003@2d6e8792]" name="teardown" is-config="true" duration-ms="695" started-at="2021-10-25T15:19:34Z" finished-at="2021-10-25T15:19:34Z">
          <reporter-output>
          </reporter-output>
        </test-method> <!-- teardown -->
      </class> <!-- com.inetbanking.testCases.TC_AddCustomerTest_003 -->
    </test> <!-- BankingApp Test -->
  </suite> <!-- IntetBankingV3 -->
</testng-results>
