<?xml version="1.0" encoding="UTF-8"?>
<testng-results ignored="0" total="1" passed="1" failed="0" skipped="0">
  <reporter-output>
  </reporter-output>
  <suite started-at="2021-10-18T14:33:27Z" name="IntetBankingV3" finished-at="2021-10-18T14:34:01Z" duration-ms="33931">
    <groups>
    </groups>
    <test started-at="2021-10-18T14:33:27Z" name="BankingApp Test" finished-at="2021-10-18T14:34:01Z" duration-ms="33931">
      <class name="com.inetbanking.testCases.TC_AddCustomerTest_003">
        <test-method is-config="true" signature="setup(java.lang.String)[pri:0, instance:com.inetbanking.testCases.TC_AddCustomerTest_003@1d8bd0de]" started-at="2021-10-18T14:33:27Z" name="setup" finished-at="2021-10-18T14:33:40Z" duration-ms="12297" status="PASS">
          <params>
            <param index="0">
              <value>
                <![CDATA[chrome]]>
              </value>
            </param>
          </params>
          <reporter-output>
          </reporter-output>
        </test-method> <!-- setup -->
        <test-method signature="addNewCustomer()[pri:0, instance:com.inetbanking.testCases.TC_AddCustomerTest_003@1d8bd0de]" started-at="2021-10-18T14:33:40Z" name="addNewCustomer" finished-at="2021-10-18T14:34:00Z" duration-ms="20173" status="PASS">
          <reporter-output>
          </reporter-output>
        </test-method> <!-- addNewCustomer -->
        <test-method is-config="true" signature="teardown()[pri:0, instance:com.inetbanking.testCases.TC_AddCustomerTest_003@1d8bd0de]" started-at="2021-10-18T14:34:00Z" name="teardown" finished-at="2021-10-18T14:34:01Z" duration-ms="876" status="PASS">
          <reporter-output>
          </reporter-output>
        </test-method> <!-- teardown -->
      </class> <!-- com.inetbanking.testCases.TC_AddCustomerTest_003 -->
    </test> <!-- BankingApp Test -->
  </suite> <!-- IntetBankingV3 -->
</testng-results>
